

================================================================
== Vitis HLS Report for 'dot_prod_Pipeline_load'
================================================================
* Date:           Fri Oct 11 17:28:54 2024

* Version:        2021.2 (Build 3367213 on Tue Oct 19 02:47:39 MDT 2021)
* Project:        dot_prod
* Solution:       solution (Vitis Kernel Flow Target)
* Product family: virtexuplus
* Target device:  xcvu9p-flgb2104-2-i


================================================================
== Performance Estimates
================================================================
+ Timing: 
    * Summary: 
    +--------+---------+----------+------------+
    |  Clock |  Target | Estimated| Uncertainty|
    +--------+---------+----------+------------+
    |ap_clk  |  4.00 ns|  1.336 ns|     1.08 ns|
    +--------+---------+----------+------------+

+ Latency: 
    * Summary: 
    +---------+---------+-----------+-----------+-----+-----+---------+
    |  Latency (cycles) |   Latency (absolute)  |  Interval | Pipeline|
    |   min   |   max   |    min    |    max    | min | max |   Type  |
    +---------+---------+-----------+-----------+-----+-----+---------+
    |       18|       18|  72.000 ns|  72.000 ns|   18|   18|       no|
    +---------+---------+-----------+-----------+-----+-----+---------+

    + Detail: 
        * Instance: 
        N/A

        * Loop: 
        +----------+---------+---------+----------+-----------+-----------+------+----------+
        |          |  Latency (cycles) | Iteration|  Initiation Interval  | Trip |          |
        | Loop Name|   min   |   max   |  Latency |  achieved |   target  | Count| Pipelined|
        +----------+---------+---------+----------+-----------+-----------+------+----------+
        |- load    |       16|       16|         1|          1|          1|    16|       yes|
        +----------+---------+---------+----------+-----------+-----------+------+----------+



================================================================
== Utilization Estimates
================================================================
* Summary: 
+---------------------+---------+------+---------+---------+-----+
|         Name        | BRAM_18K|  DSP |    FF   |   LUT   | URAM|
+---------------------+---------+------+---------+---------+-----+
|DSP                  |        -|     -|        -|        -|    -|
|Expression           |        -|     -|        0|       30|    -|
|FIFO                 |        -|     -|        -|        -|    -|
|Instance             |        -|     -|        -|        -|    -|
|Memory               |        -|     -|        -|        -|    -|
|Multiplexer          |        -|     -|        -|       45|    -|
|Register             |        -|     -|     1032|        -|    -|
+---------------------+---------+------+---------+---------+-----+
|Total                |        0|     0|     1032|       75|    0|
+---------------------+---------+------+---------+---------+-----+
|Available SLR        |     1440|  2280|   788160|   394080|  320|
+---------------------+---------+------+---------+---------+-----+
|Utilization SLR (%)  |        0|     0|       ~0|       ~0|    0|
+---------------------+---------+------+---------+---------+-----+
|Available            |     4320|  6840|  2364480|  1182240|  960|
+---------------------+---------+------+---------+---------+-----+
|Utilization (%)      |        0|     0|       ~0|       ~0|    0|
+---------------------+---------+------+---------+---------+-----+

+ Detail: 
    * Instance: 
    N/A

    * DSP: 
    N/A

    * Memory: 
    N/A

    * FIFO: 
    N/A

    * Expression: 
    +---------------------+----------+----+---+----+------------+------------+
    |    Variable Name    | Operation| DSP| FF| LUT| Bitwidth P0| Bitwidth P1|
    +---------------------+----------+----+---+----+------------+------------+
    |add_ln34_fu_116_p2   |         +|   0|  0|  12|           5|           1|
    |ap_ext_blocking_n    |       and|   0|  0|   2|           2|           2|
    |ap_int_blocking_n    |       and|   0|  0|   2|           2|           2|
    |ap_str_blocking_n    |       and|   0|  0|   2|           2|           2|
    |icmp_ln34_fu_110_p2  |      icmp|   0|  0|  10|           5|           6|
    |ap_enable_pp0        |       xor|   0|  0|   2|           1|           2|
    +---------------------+----------+----+---+----+------------+------------+
    |Total                |          |   0|  0|  30|          17|          15|
    +---------------------+----------+----+---+----+------------+------------+

    * Multiplexer: 
    +-------------------------+----+-----------+-----+-----------+
    |           Name          | LUT| Input Size| Bits| Total Bits|
    +-------------------------+----+-----------+-----+-----------+
    |ap_done_int              |   9|          2|    1|          2|
    |ap_enable_reg_pp0_iter1  |   9|          2|    1|          2|
    |i_fu_50                  |   9|          2|    5|         10|
    |shiftreg9_fu_42          |   9|          2|  512|       1024|
    |shiftreg_fu_46           |   9|          2|  512|       1024|
    +-------------------------+----+-----------+-----+-----------+
    |Total                    |  45|         10| 1031|       2062|
    +-------------------------+----+-----------+-----+-----------+

    * Register: 
    +-------------------------+-----+----+-----+-----------+
    |           Name          |  FF | LUT| Bits| Const Bits|
    +-------------------------+-----+----+-----+-----------+
    |ap_CS_fsm                |    1|   0|    1|          0|
    |ap_done_reg              |    1|   0|    1|          0|
    |ap_enable_reg_pp0_iter1  |    1|   0|    1|          0|
    |i_fu_50                  |    5|   0|    5|          0|
    |shiftreg9_fu_42          |  512|   0|  512|          0|
    |shiftreg_fu_46           |  512|   0|  512|          0|
    +-------------------------+-----+----+-----+-----------+
    |Total                    | 1032|   0| 1032|          0|
    +-------------------------+-----+----+-----+-----------+



================================================================
== Interface
================================================================
* Summary: 
+--------------------+-----+-----+------------+------------------------+--------------+
|      RTL Ports     | Dir | Bits|  Protocol  |      Source Object     |    C Type    |
+--------------------+-----+-----+------------+------------------------+--------------+
|ap_clk              |   in|    1|  ap_ctrl_hs|  dot_prod_Pipeline_load|  return value|
|ap_rst              |   in|    1|  ap_ctrl_hs|  dot_prod_Pipeline_load|  return value|
|ap_start            |   in|    1|  ap_ctrl_hs|  dot_prod_Pipeline_load|  return value|
|ap_done             |  out|    1|  ap_ctrl_hs|  dot_prod_Pipeline_load|  return value|
|ap_idle             |  out|    1|  ap_ctrl_hs|  dot_prod_Pipeline_load|  return value|
|ap_ready            |  out|    1|  ap_ctrl_hs|  dot_prod_Pipeline_load|  return value|
|ap_ext_blocking_n   |  out|    1|  ap_ctrl_hs|  dot_prod_Pipeline_load|  return value|
|ap_str_blocking_n   |  out|    1|  ap_ctrl_hs|  dot_prod_Pipeline_load|  return value|
|ap_int_blocking_n   |  out|    1|  ap_ctrl_hs|  dot_prod_Pipeline_load|  return value|
|gmem_load           |   in|  512|     ap_none|               gmem_load|        scalar|
|gmem_load_1         |   in|  512|     ap_none|             gmem_load_1|        scalar|
|va_buffer_address0  |  out|    4|   ap_memory|               va_buffer|         array|
|va_buffer_ce0       |  out|    1|   ap_memory|               va_buffer|         array|
|va_buffer_we0       |  out|    1|   ap_memory|               va_buffer|         array|
|va_buffer_d0        |  out|   32|   ap_memory|               va_buffer|         array|
|vb_buffer_address0  |  out|    4|   ap_memory|               vb_buffer|         array|
|vb_buffer_ce0       |  out|    1|   ap_memory|               vb_buffer|         array|
|vb_buffer_we0       |  out|    1|   ap_memory|               vb_buffer|         array|
|vb_buffer_d0        |  out|   32|   ap_memory|               vb_buffer|         array|
+--------------------+-----+-----+------------+------------------------+--------------+

