

================================================================
== Vitis HLS Report for 'dot_prod'
================================================================
* Date:           Tue Oct 22 00:01:42 2024

* Version:        2021.2 (Build 3367213 on Tue Oct 19 02:47:39 MDT 2021)
* Project:        dot_prod
* Solution:       solution (Vitis Kernel Flow Target)
* Product family: virtexuplus
* Target device:  xcvu9p-flgb2104-2-i


================================================================
== Performance Estimates
================================================================
+ Timing: 
    * Summary: 
    +--------+---------+----------+------------+
    |  Clock |  Target | Estimated| Uncertainty|
    +--------+---------+----------+------------+
    |ap_clk  |  4.00 ns|  2.920 ns|     1.08 ns|
    +--------+---------+----------+------------+

+ Latency: 
    * Summary: 
    +---------+---------+-----------+----------+------+-------+---------+
    |  Latency (cycles) |  Latency (absolute)  |   Interval   | Pipeline|
    |   min   |   max   |    min    |    max   |  min |  max  |   Type  |
    +---------+---------+-----------+----------+------+-------+---------+
    |     8455|    82183|  33.820 us|  0.329 ms|  8456|  82184|       no|
    +---------+---------+-----------+----------+------+-------+---------+

    + Detail: 
        * Instance: 
        N/A

        * Loop: 
        +--------------------+---------+---------+------------+-----------+-----------+------+----------+
        |                    |  Latency (cycles) |  Iteration |  Initiation Interval  | Trip |          |
        |      Loop Name     |   min   |   max   |   Latency  |  achieved |   target  | Count| Pipelined|
        +--------------------+---------+---------+------------+-----------+-----------+------+----------+
        |- VITIS_LOOP_39_1   |     8384|    82112|  131 ~ 1283|          -|          -|    64|        no|
        | + VITIS_LOOP_40_2  |       96|     1248|      6 ~ 78|          -|          -|    16|        no|
        | + VITIS_LOOP_56_3  |       32|       32|           2|          -|          -|    16|        no|
        +--------------------+---------+---------+------------+-----------+-----------+------+----------+



================================================================
== Utilization Estimates
================================================================
* Summary: 
+---------------------+---------+------+---------+---------+-----+
|         Name        | BRAM_18K|  DSP |    FF   |   LUT   | URAM|
+---------------------+---------+------+---------+---------+-----+
|DSP                  |        -|     -|        -|        -|    -|
|Expression           |        -|     -|        0|      288|    -|
|FIFO                 |        -|     -|        -|        -|    -|
|Instance             |        2|     3|      968|     1119|    0|
|Memory               |        0|     -|       64|       66|    0|
|Multiplexer          |        -|     -|        -|      962|    -|
|Register             |        -|     -|      719|        -|    -|
+---------------------+---------+------+---------+---------+-----+
|Total                |        2|     3|     1751|     2435|    0|
+---------------------+---------+------+---------+---------+-----+
|Available SLR        |     1440|  2280|   788160|   394080|  320|
+---------------------+---------+------+---------+---------+-----+
|Utilization SLR (%)  |       ~0|    ~0|       ~0|       ~0|    0|
+---------------------+---------+------+---------+---------+-----+
|Available            |     4320|  6840|  2364480|  1182240|  960|
+---------------------+---------+------+---------+---------+-----+
|Utilization (%)      |       ~0|    ~0|       ~0|       ~0|    0|
+---------------------+---------+------+---------+---------+-----+

+ Detail: 
    * Instance: 
    +-----------------------+--------------------+---------+----+-----+-----+-----+
    |        Instance       |       Module       | BRAM_18K| DSP|  FF | LUT | URAM|
    +-----------------------+--------------------+---------+----+-----+-----+-----+
    |control_s_axi_U        |control_s_axi       |        0|   0|  291|  490|    0|
    |gmem_m_axi_U           |gmem_m_axi          |        2|   0|  512|  580|    0|
    |mul_32s_32s_32_2_1_U1  |mul_32s_32s_32_2_1  |        0|   3|  165|   49|    0|
    +-----------------------+--------------------+---------+----+-----+-----+-----+
    |Total                  |                    |        2|   3|  968| 1119|    0|
    +-----------------------+--------------------+---------+----+-----+-----+-----+

    * DSP: 
    N/A

    * Memory: 
    +---------------+-------------------------+---------+----+----+-----+------+-----+------+-------------+
    |     Memory    |          Module         | BRAM_18K| FF | LUT| URAM| Words| Bits| Banks| W*Bits*Banks|
    +---------------+-------------------------+---------+----+----+-----+------+-----+------+-------------+
    |va_buffer_U    |va_buffer_RAM_AUTO_1R1W  |        0|  32|  33|    0|    16|   32|     1|          512|
    |vout_buffer_U  |va_buffer_RAM_AUTO_1R1W  |        0|  32|  33|    0|    16|   32|     1|          512|
    +---------------+-------------------------+---------+----+----+-----+------+-----+------+-------------+
    |Total          |                         |        0|  64|  66|    0|    32|   64|     2|         1024|
    +---------------+-------------------------+---------+----+----+-----+------+-----+------+-------------+

    * FIFO: 
    N/A

    * Expression: 
    +-----------------------+----------+----+---+----+------------+------------+
    |     Variable Name     | Operation| DSP| FF| LUT| Bitwidth P0| Bitwidth P1|
    +-----------------------+----------+----+---+----+------------+------------+
    |add_ln39_fu_299_p2     |         +|   0|  0|  14|           7|           1|
    |add_ln40_fu_332_p2     |         +|   0|  0|  12|           5|           1|
    |add_ln41_fu_338_p2     |         +|   0|  0|  17|          10|          10|
    |add_ln46_fu_361_p2     |         +|   0|  0|  71|          64|          64|
    |add_ln47_fu_386_p2     |         +|   0|  0|  71|          64|          64|
    |add_ln56_fu_427_p2     |         +|   0|  0|  12|           5|           1|
    |add_ln57_fu_437_p2     |         +|   0|  0|  39|          32|          32|
    |ap_ext_blocking_cur_n  |       and|   0|  0|   2|           1|           1|
    |ap_ext_blocking_n      |       and|   0|  0|   2|           1|           2|
    |ap_int_blocking_n      |       and|   0|  0|   2|           2|           2|
    |ap_str_blocking_n      |       and|   0|  0|   2|           2|           2|
    |icmp_ln39_fu_293_p2    |      icmp|   0|  0|  11|           7|           8|
    |icmp_ln40_fu_326_p2    |      icmp|   0|  0|  10|           5|           6|
    |icmp_ln41_fu_343_p2    |      icmp|   0|  0|  11|          10|           5|
    |icmp_ln56_fu_421_p2    |      icmp|   0|  0|  10|           5|           6|
    |ap_block_state1        |        or|   0|  0|   2|           1|           1|
    +-----------------------+----------+----+---+----+------------+------------+
    |Total                  |          |   0|  0| 288|         221|         206|
    +-----------------------+----------+----+---+----+------------+------------+

    * Multiplexer: 
    +----------------------+-----+-----------+-----+-----------+
    |         Name         | LUT | Input Size| Bits| Total Bits|
    +----------------------+-----+-----------+-----+-----------+
    |add30_lcssa5_fu_120   |    9|          2|   32|         64|
    |ap_NS_fsm             |  807|        153|    1|        153|
    |ap_done               |    9|          2|    1|          2|
    |counter_fu_116        |    9|          2|    7|         14|
    |gmem_ARADDR           |   14|          3|   64|        192|
    |gmem_blk_n_AR         |    9|          2|    1|          2|
    |gmem_blk_n_AW         |    9|          2|    1|          2|
    |gmem_blk_n_B          |    9|          2|    1|          2|
    |gmem_blk_n_R          |    9|          2|    1|          2|
    |gmem_blk_n_W          |    9|          2|    1|          2|
    |i_1_reg_245           |    9|          2|    5|         10|
    |i_reg_222             |    9|          2|    5|         10|
    |storemerge_reg_233    |    9|          2|   32|         64|
    |va_buffer_address0    |   14|          3|    4|         12|
    |va_buffer_d0          |   14|          3|   32|         96|
    |vout_buffer_address0  |   14|          3|    4|         12|
    +----------------------+-----+-----------+-----+-----------+
    |Total                 |  962|        187|  192|        639|
    +----------------------+-----+-----------+-----+-----------+

    * Register: 
    +--------------------------+-----+----+-----+-----------+
    |           Name           |  FF | LUT| Bits| Const Bits|
    +--------------------------+-----+----+-----+-----------+
    |add30_lcssa5_fu_120       |   32|   0|   32|          0|
    |add_ln39_reg_481          |    7|   0|    7|          0|
    |add_ln40_reg_499          |    5|   0|    5|          0|
    |add_ln56_reg_548          |    5|   0|    5|          0|
    |ap_CS_fsm                 |  152|   0|  152|          0|
    |ap_done_reg               |    1|   0|    1|          0|
    |ap_ext_blocking_n_reg     |    1|   0|    1|          0|
    |ap_int_blocking_n_reg     |    0|   0|    1|          1|
    |ap_rst_n_inv              |    1|   0|    1|          0|
    |ap_rst_reg_1              |    1|   0|    1|          0|
    |ap_rst_reg_2              |    1|   0|    1|          0|
    |ap_str_blocking_n_reg     |    0|   0|    1|          1|
    |counter_fu_116            |    7|   0|    7|          0|
    |gmem_addr_1_read_reg_525  |   32|   0|   32|          0|
    |gmem_addr_1_reg_513       |   64|   0|   64|          0|
    |gmem_addr_2_read_reg_530  |   32|   0|   32|          0|
    |gmem_addr_2_reg_519       |   64|   0|   64|          0|
    |gmem_addr_reg_472         |   64|   0|   64|          0|
    |i_1_reg_245               |    5|   0|    5|          0|
    |i_reg_222                 |    5|   0|    5|          0|
    |icmp_ln41_reg_504         |    1|   0|    1|          0|
    |mul_ln49_reg_540          |   32|   0|   32|          0|
    |storemerge_reg_233        |   32|   0|   32|          0|
    |tmp_1_reg_486             |    6|   0|   10|          4|
    |va_buffer_addr_reg_508    |    4|   0|    4|          0|
    |va_buffer_load_reg_535    |   32|   0|   32|          0|
    |vec_a_read_reg_467        |   64|   0|   64|          0|
    |vec_b_read_reg_462        |   64|   0|   64|          0|
    |zext_ln40_reg_491         |    5|   0|   64|         59|
    +--------------------------+-----+----+-----+-----------+
    |Total                     |  719|   0|  784|         65|
    +--------------------------+-----+----+-----+-----------+



================================================================
== Interface
================================================================
* Summary: 
+-----------------------+-----+-----+---------------+--------------+--------------+
|       RTL Ports       | Dir | Bits|    Protocol   | Source Object|    C Type    |
+-----------------------+-----+-----+---------------+--------------+--------------+
|s_axi_control_AWVALID  |   in|    1|          s_axi|       control|        scalar|
|s_axi_control_AWREADY  |  out|    1|          s_axi|       control|        scalar|
|s_axi_control_AWADDR   |   in|    6|          s_axi|       control|        scalar|
|s_axi_control_WVALID   |   in|    1|          s_axi|       control|        scalar|
|s_axi_control_WREADY   |  out|    1|          s_axi|       control|        scalar|
|s_axi_control_WDATA    |   in|   32|          s_axi|       control|        scalar|
|s_axi_control_WSTRB    |   in|    4|          s_axi|       control|        scalar|
|s_axi_control_ARVALID  |   in|    1|          s_axi|       control|        scalar|
|s_axi_control_ARREADY  |  out|    1|          s_axi|       control|        scalar|
|s_axi_control_ARADDR   |   in|    6|          s_axi|       control|        scalar|
|s_axi_control_RVALID   |  out|    1|          s_axi|       control|        scalar|
|s_axi_control_RREADY   |   in|    1|          s_axi|       control|        scalar|
|s_axi_control_RDATA    |  out|   32|          s_axi|       control|        scalar|
|s_axi_control_RRESP    |  out|    2|          s_axi|       control|        scalar|
|s_axi_control_BVALID   |  out|    1|          s_axi|       control|        scalar|
|s_axi_control_BREADY   |   in|    1|          s_axi|       control|        scalar|
|s_axi_control_BRESP    |  out|    2|          s_axi|       control|        scalar|
|ap_local_block         |  out|    1|  ap_ctrl_chain|      dot_prod|  return value|
|ap_clk                 |   in|    1|  ap_ctrl_chain|      dot_prod|  return value|
|ap_rst_n               |   in|    1|  ap_ctrl_chain|      dot_prod|  return value|
|event_done             |  out|    1|  ap_ctrl_chain|      dot_prod|  return value|
|interrupt              |  out|    1|  ap_ctrl_chain|      dot_prod|  return value|
|event_start            |  out|    1|  ap_ctrl_chain|      dot_prod|  return value|
|stall_start_ext        |  out|    1|  ap_ctrl_chain|      dot_prod|  return value|
|stall_done_ext         |  out|    1|  ap_ctrl_chain|      dot_prod|  return value|
|stall_start_str        |  out|    1|  ap_ctrl_chain|      dot_prod|  return value|
|stall_done_str         |  out|    1|  ap_ctrl_chain|      dot_prod|  return value|
|stall_start_int        |  out|    1|  ap_ctrl_chain|      dot_prod|  return value|
|stall_done_int         |  out|    1|  ap_ctrl_chain|      dot_prod|  return value|
|m_axi_gmem_AWVALID     |  out|    1|          m_axi|          gmem|       pointer|
|m_axi_gmem_AWREADY     |   in|    1|          m_axi|          gmem|       pointer|
|m_axi_gmem_AWADDR      |  out|   64|          m_axi|          gmem|       pointer|
|m_axi_gmem_AWID        |  out|    1|          m_axi|          gmem|       pointer|
|m_axi_gmem_AWLEN       |  out|    8|          m_axi|          gmem|       pointer|
|m_axi_gmem_AWSIZE      |  out|    3|          m_axi|          gmem|       pointer|
|m_axi_gmem_AWBURST     |  out|    2|          m_axi|          gmem|       pointer|
|m_axi_gmem_AWLOCK      |  out|    2|          m_axi|          gmem|       pointer|
|m_axi_gmem_AWCACHE     |  out|    4|          m_axi|          gmem|       pointer|
|m_axi_gmem_AWPROT      |  out|    3|          m_axi|          gmem|       pointer|
|m_axi_gmem_AWQOS       |  out|    4|          m_axi|          gmem|       pointer|
|m_axi_gmem_AWREGION    |  out|    4|          m_axi|          gmem|       pointer|
|m_axi_gmem_AWUSER      |  out|    1|          m_axi|          gmem|       pointer|
|m_axi_gmem_WVALID      |  out|    1|          m_axi|          gmem|       pointer|
|m_axi_gmem_WREADY      |   in|    1|          m_axi|          gmem|       pointer|
|m_axi_gmem_WDATA       |  out|   32|          m_axi|          gmem|       pointer|
|m_axi_gmem_WSTRB       |  out|    4|          m_axi|          gmem|       pointer|
|m_axi_gmem_WLAST       |  out|    1|          m_axi|          gmem|       pointer|
|m_axi_gmem_WID         |  out|    1|          m_axi|          gmem|       pointer|
|m_axi_gmem_WUSER       |  out|    1|          m_axi|          gmem|       pointer|
|m_axi_gmem_ARVALID     |  out|    1|          m_axi|          gmem|       pointer|
|m_axi_gmem_ARREADY     |   in|    1|          m_axi|          gmem|       pointer|
|m_axi_gmem_ARADDR      |  out|   64|          m_axi|          gmem|       pointer|
|m_axi_gmem_ARID        |  out|    1|          m_axi|          gmem|       pointer|
|m_axi_gmem_ARLEN       |  out|    8|          m_axi|          gmem|       pointer|
|m_axi_gmem_ARSIZE      |  out|    3|          m_axi|          gmem|       pointer|
|m_axi_gmem_ARBURST     |  out|    2|          m_axi|          gmem|       pointer|
|m_axi_gmem_ARLOCK      |  out|    2|          m_axi|          gmem|       pointer|
|m_axi_gmem_ARCACHE     |  out|    4|          m_axi|          gmem|       pointer|
|m_axi_gmem_ARPROT      |  out|    3|          m_axi|          gmem|       pointer|
|m_axi_gmem_ARQOS       |  out|    4|          m_axi|          gmem|       pointer|
|m_axi_gmem_ARREGION    |  out|    4|          m_axi|          gmem|       pointer|
|m_axi_gmem_ARUSER      |  out|    1|          m_axi|          gmem|       pointer|
|m_axi_gmem_RVALID      |   in|    1|          m_axi|          gmem|       pointer|
|m_axi_gmem_RREADY      |  out|    1|          m_axi|          gmem|       pointer|
|m_axi_gmem_RDATA       |   in|   32|          m_axi|          gmem|       pointer|
|m_axi_gmem_RLAST       |   in|    1|          m_axi|          gmem|       pointer|
|m_axi_gmem_RID         |   in|    1|          m_axi|          gmem|       pointer|
|m_axi_gmem_RUSER       |   in|    1|          m_axi|          gmem|       pointer|
|m_axi_gmem_RRESP       |   in|    2|          m_axi|          gmem|       pointer|
|m_axi_gmem_BVALID      |   in|    1|          m_axi|          gmem|       pointer|
|m_axi_gmem_BREADY      |  out|    1|          m_axi|          gmem|       pointer|
|m_axi_gmem_BRESP       |   in|    2|          m_axi|          gmem|       pointer|
|m_axi_gmem_BID         |   in|    1|          m_axi|          gmem|       pointer|
|m_axi_gmem_BUSER       |   in|    1|          m_axi|          gmem|       pointer|
+-----------------------+-----+-----+---------------+--------------+--------------+

