XRT Build Version: 2.12.0 (2021.2)
       Build Date: 2022-01-11 19:12:26
          Hash ID: 723d9e7abbe3a2c374682dbb1a59c47f230f3ee2
Creating a default 'in-memory' xclbin image.

Section: 'BITSTREAM'(0) was successfully added.
Size   : 192816 bytes
Format : RAW
File   : '/home/centos/src/project_data/aws-fpga/Vitis/examples/xilinx_2021.2/l2_part2_d1/build_dir.sw_emu.xilinx_aws-vu9p-f1_shell-v04261818_201920_3/link/int/dot_prod_app.so'

Section: 'MEM_TOPOLOGY'(6) was successfully added.
Format : JSON
File   : 'mem_topology'

Section: 'IP_LAYOUT'(8) was successfully added.
Format : JSON
File   : 'ip_layout'

Section: 'CONNECTIVITY'(7) was successfully added.
Format : JSON
File   : 'connectivity'
WARNING: Skipping CLOCK_FREQ_TOPOLOGY section for count size is zero.
WARNING: Section 'CLOCK_FREQ_TOPOLOGY' content is empty.  No data in the given JSON file.

Section: 'CLOCK_FREQ_TOPOLOGY'(11) was empty.  No action taken.
Format : JSON
File   : '/home/centos/src/project_data/aws-fpga/Vitis/examples/xilinx_2021.2/l2_part2_d1/build_dir.sw_emu.xilinx_aws-vu9p-f1_shell-v04261818_201920_3/link/int/dot_prod_app_xml.rtd'

Section: 'BUILD_METADATA'(14) was successfully added.
Size   : 2434 bytes
Format : JSON
File   : '/home/centos/src/project_data/aws-fpga/Vitis/examples/xilinx_2021.2/l2_part2_d1/build_dir.sw_emu.xilinx_aws-vu9p-f1_shell-v04261818_201920_3/link/int/dot_prod_app_build.rtd'

Section: 'EMBEDDED_METADATA'(2) was successfully added.
Size   : 2442 bytes
Format : RAW
File   : '/home/centos/src/project_data/aws-fpga/Vitis/examples/xilinx_2021.2/l2_part2_d1/build_dir.sw_emu.xilinx_aws-vu9p-f1_shell-v04261818_201920_3/link/int/dot_prod_app.xml'

Section: 'DEBUG_DATA'(4) was successfully added.
Size   : 0 bytes
Format : RAW
File   : '/dev/null'

Section: 'PARTITION_METADATA'(20) was successfully appended to.
Format : JSON
File   : 'partition_metadata'
Successfully wrote (206579 bytes) to the output file: /home/centos/src/project_data/aws-fpga/Vitis/examples/xilinx_2021.2/l2_part2_d1/build_dir.sw_emu.xilinx_aws-vu9p-f1_shell-v04261818_201920_3/dot_prod_app.xclbin
Leaving xclbinutil.
