# 
# Steps log generated by v++
# This log file contains a collection of steps that describe the kernel compilation flow
# Note: Some steps are tagged as internal, these steps are for debugging purposes and 
#       are not expected to be able to run independently.
# 

# The following environment variables are set when running v++
Environment variables :
------------------------------------------
_RDI_DONT_SET_XILINX_AS_PATH=True
XDG_SESSION_ID=6
HOSTNAME=ip-172-31-83-237.ec2.internal
XILINX_DSP=
SHELL=/bin/bash
TERM=screen
MAKEFLAGS=PLATFORM=/home/centos/src/project_data/aws-fpga/Vitis/aws_platform/xilinx_aws-vu9p-f1_shell-v04261818_201920_3/xilinx_aws-vu9p-f1_shell-v04261818_201920_3.xpfm TARGET=hw_emu
HISTSIZE=1000
SSH_CLIENT=128.62.19.123 10171 22
MYVIVADO=
RDI_TPS_ROOT=/opt/Xilinx/Vivado/2021.2/tps/lnx64
HDK_SHELL_DIR=/home/centos/src/project_data/aws-fpga/hdk/common/shell_v04261818
HDI_PROCESSOR=x86_64
HDK_SHELL_DESIGN_DIR=/home/centos/src/project_data/aws-fpga/hdk/common/shell_v04261818/design
SYNTH_COMMON=/opt/Xilinx/Vitis/2021.2/scripts/rt/data
SSH_TTY=/dev/pts/0
RDI_JAVA_VERSION=11.0.11_9
LC_ALL=en_US.UTF-8
RT_TCL_PATH=/opt/Xilinx/Vitis/2021.2/scripts/rt/base_tcl/tcl
RDI_PREPEND_PATH=/opt/Xilinx/Vitis/2021.2/bin
RDI_OPT_EXT=.o
MAKEOVERRIDES=${-*-command-variables-*-}
USER=centos
LS_COLORS=rs=0:di=01;34:ln=01;36:mh=00:pi=40;33:so=01;35:do=01;35:bd=40;33;01:cd=40;33;01:or=40;31;01:mi=01;05;37;41:su=37;41:sg=30;43:ca=30;41:tw=30;42:ow=34;42:st=37;44:ex=01;32:*.tar=01;31:*.tgz=01;31:*.arc=01;31:*.arj=01;31:*.taz=01;31:*.lha=01;31:*.lz4=01;31:*.lzh=01;31:*.lzma=01;31:*.tlz=01;31:*.txz=01;31:*.tzo=01;31:*.t7z=01;31:*.zip=01;31:*.z=01;31:*.Z=01;31:*.dz=01;31:*.gz=01;31:*.lrz=01;31:*.lz=01;31:*.lzo=01;31:*.xz=01;31:*.bz2=01;31:*.bz=01;31:*.tbz=01;31:*.tbz2=01;31:*.tz=01;31:*.deb=01;31:*.rpm=01;31:*.jar=01;31:*.war=01;31:*.ear=01;31:*.sar=01;31:*.rar=01;31:*.alz=01;31:*.ace=01;31:*.zoo=01;31:*.cpio=01;31:*.7z=01;31:*.rz=01;31:*.cab=01;31:*.jpg=01;35:*.jpeg=01;35:*.gif=01;35:*.bmp=01;35:*.pbm=01;35:*.pgm=01;35:*.ppm=01;35:*.tga=01;35:*.xbm=01;35:*.xpm=01;35:*.tif=01;35:*.tiff=01;35:*.png=01;35:*.svg=01;35:*.svgz=01;35:*.mng=01;35:*.pcx=01;35:*.mov=01;35:*.mpg=01;35:*.mpeg=01;35:*.m2v=01;35:*.mkv=01;35:*.webm=01;35:*.ogm=01;35:*.mp4=01;35:*.m4v=01;35:*.mp4v=01;35:*.vob=01;35:*.qt=01;35:*.nuv=01;35:*.wmv=01;35:*.asf=01;35:*.rm=01;35:*.rmvb=01;35:*.flc=01;35:*.avi=01;35:*.fli=01;35:*.flv=01;35:*.gl=01;35:*.dl=01;35:*.xcf=01;35:*.xwd=01;35:*.yuv=01;35:*.cgm=01;35:*.emf=01;35:*.axv=01;35:*.anx=01;35:*.ogv=01;35:*.ogx=01;35:*.aac=01;36:*.au=01;36:*.flac=01;36:*.mid=01;36:*.midi=01;36:*.mka=01;36:*.mp3=01;36:*.mpc=01;36:*.ogg=01;36:*.ra=01;36:*.wav=01;36:*.axa=01;36:*.oga=01;36:*.spx=01;36:*.xspf=01;36:
LD_LIBRARY_PATH=/opt/Xilinx/Vitis/2021.2/lib/lnx64.o/Default:/opt/Xilinx/Vitis/2021.2/lib/lnx64.o:/opt/Xilinx/Vitis/2021.2/tps/lnx64/jre11.0.11_9/lib/:/opt/Xilinx/Vitis/2021.2/tps/lnx64/jre11.0.11_9/lib//server:/opt/Xilinx/Vitis/2021.2/lib/lnx64.o/Default:/opt/Xilinx/Vitis/2021.2/lib/lnx64.o:/opt/xilinx/xrt/lib::/opt/Xilinx/Vitis/2021.2/bin/../lnx64/tools/dot/lib
XILINX_ENABLE_AWS_WHITELIST=095707098027
RDI_PATCHROOT=
TCL_LIBRARY=/opt/Xilinx/Vitis/2021.2/tps/tcl/tcl8.5
TERMCAP=SC|screen|VT 100/ANSI X3.64 virtual terminal:\
	:DO=\E[%dB:LE=\E[%dD:RI=\E[%dC:UP=\E[%dA:bs:bt=\E[Z:\
	:cd=\E[J:ce=\E[K:cl=\E[H\E[J:cm=\E[%i%d;%dH:ct=\E[3g:\
	:do=^J:nd=\E[C:pt:rc=\E8:rs=\Ec:sc=\E7:st=\EH:up=\EM:\
	:le=^H:bl=^G:cr=^M:it#8:ho=\E[H:nw=\EE:ta=^I:is=\E)0:\
	:li#30:co#120:am:xn:xv:LP:sr=\EM:al=\E[L:AL=\E[%dL:\
	:cs=\E[%i%d;%dr:dl=\E[M:DL=\E[%dM:dc=\E[P:DC=\E[%dP:\
	:im=\E[4h:ei=\E[4l:mi:IC=\E[%d@:ks=\E[?1h\E=:\
	:ke=\E[?1l\E>:vi=\E[?25l:ve=\E[34h\E[?25h:vs=\E[34l:\
	:ti=\E[?1049h:te=\E[?1049l:us=\E[4m:ue=\E[24m:so=\E[3m:\
	:se=\E[23m:mb=\E[5m:md=\E[1m:mr=\E[7m:me=\E[m:ms:\
	:Co#8:pa#64:AF=\E[3%dm:AB=\E[4%dm:op=\E[39;49m:AX:\
	:vb=\Eg:G0:as=\E(0:ae=\E(B:\
	:ac=\140\140aaffggjjkkllmmnnooppqqrrssttuuvvwwxxyyzz{{||}}~~..--++,,hhII00:\
	:po=\E[5i:pf=\E[4i:Km=\E[M:k0=\E[10~:k1=\EOP:k2=\EOQ:\
	:k3=\EOR:k4=\EOS:k5=\E[15~:k6=\E[17~:k7=\E[18~:\
	:k8=\E[19~:k9=\E[20~:k;=\E[21~:F1=\E[23~:F2=\E[24~:\
	:F3=\E[1;2P:F4=\E[1;2Q:F5=\E[1;2R:F6=\E[1;2S:\
	:F7=\E[15;2~:F8=\E[17;2~:F9=\E[18;2~:FA=\E[19;2~:kb=:\
	:K2=\EOE:kB=\E[Z:kF=\E[1;2B:kR=\E[1;2A:*4=\E[3;2~:\
	:*7=\E[1;2F:#2=\E[1;2H:#3=\E[2;2~:#4=\E[1;2D:%c=\E[6;2~:\
	:%e=\E[5;2~:%i=\E[1;2C:kh=\E[1~:@1=\E[1~:kH=\E[4~:\
	:@7=\E[4~:kN=\E[6~:kP=\E[5~:kI=\E[2~:kD=\E[3~:ku=\EOA:\
	:kd=\EOB:kr=\EOC:kl=\EOD:km:
RDI_PLATFORM=lnx64
AWS_PLATFORM=/home/centos/src/project_data/aws-fpga/Vitis/aws_platform/xilinx_aws-vu9p-f1_shell-v04261818_201920_3/xilinx_aws-vu9p-f1_shell-v04261818_201920_3.xpfm
MAKELEVEL=1
RDI_BUILD=yes
MFLAGS=
RT_LIBPATH=/opt/Xilinx/Vitis/2021.2/scripts/rt/data
RDI_LIBDIR=/opt/Xilinx/Vitis/2021.2/lib/lnx64.o/Default:/opt/Xilinx/Vitis/2021.2/lib/lnx64.o
RELEASE_VER=2021.2
PATH=/opt/Xilinx/Vivado/2021.2/tps/lnx64/binutils-2.26/bin:/opt/Xilinx/Vitis/2021.2/bin/../gnu/aarch64/lin/aarch64-linux/bin:/opt/Xilinx/Vitis/2021.2/bin/../gnu/ppc64le/4.9.3/lnx64/bin:/opt/Xilinx/Vitis/2021.2/bin/../gnu/aarch32/lin/gcc-arm-linux-gnueabi/bin:/opt/Xilinx/Vivado/2021.2/tps/lnx64/gcc-6.2.0/bin:/opt/Xilinx/Vivado/2021.2/gnu/microblaze/lin/bin:/opt/Xilinx/Vitis/2021.2/bin:/opt/Xilinx/Vitis/2021.2/tps/lnx64/jre11.0.11_9/bin:/opt/Xilinx/Vivado/2021.2/bin:/home/centos/src/project_data/aws-fpga/shared/bin/scripts:/opt/Xilinx/Vitis_HLS/2021.2/bin:/usr/local/bin:/usr/bin:/usr/local/sbin:/usr/sbin:/srv/git/centos-git-common:/home/centos/.local/bin:/home/centos/bin:/opt/xilinx/xrt/bin
MAIL=/var/spool/mail/centos
XILINX_VITIS=/opt/Xilinx/Vitis/2021.2
STY=5231.pts-0.ip-172-31-83-237
HDK_DIR=/home/centos/src/project_data/aws-fpga/hdk
SDK_DIR=/home/centos/src/project_data/aws-fpga/sdk
PWD=/home/centos/src/project_data/aws-fpga/Vitis/examples/xilinx_2021.2/l2_part2_d1
XILINX_XRT=/opt/xilinx/xrt
XIL_CHECK_TCL_DEBUG=False
_LMFILES_=/usr/share/Modules/modulefiles/vitis
SDACCEL_DIR=/home/centos/src/project_data/aws-fpga/SDAccel
XILINX_VIVADO_HLS=/opt/Xilinx/Vivado/2021.2
LANG=en_US.UTF-8
MODULEPATH=/usr/share/Modules/modulefiles:/etc/modulefiles
HDK_COMMON_DIR=/home/centos/src/project_data/aws-fpga/hdk/common
HDI_APPROOT=/opt/Xilinx/Vitis/2021.2
AWS_PLATFORM_201920_3=/home/centos/src/project_data/aws-fpga/Vitis/aws_platform/xilinx_aws-vu9p-f1_shell-v04261818_201920_3/xilinx_aws-vu9p-f1_shell-v04261818_201920_3.xpfm
LOADEDMODULES=vitis
XILINX_HLS=/opt/Xilinx/Vitis_HLS/2021.2
VITIS_DIR=/home/centos/src/project_data/aws-fpga/Vitis
PLATFORM=/home/centos/src/project_data/aws-fpga/Vitis/aws_platform/xilinx_aws-vu9p-f1_shell-v04261818_201920_3/xilinx_aws-vu9p-f1_shell-v04261818_201920_3.xpfm
XILINX_VIVADO=/opt/Xilinx/Vivado/2021.2
XILINX_SDK=/opt/Xilinx/Vitis/2021.2
HISTCONTROL=ignoredups
SSH_ASKPASS=/usr/libexec/openssh/gnome-ssh-askpass
ISL_IOSTREAMS_RSA=/opt/Xilinx/Vitis/2021.2/tps/isl
HOME=/home/centos
SHLVL=4
RDI_BASEROOT=/opt/Xilinx/Vitis
LANGUAGE=en_US:en
RDI_APPROOT=/opt/Xilinx/Vitis/2021.2
TARGET=hw_emu
LOGNAME=centos
PYTHONPATH=/home/centos/src/project_data/aws-fpga/shared/lib:/home/centos/src/project_data/aws-fpga/shared/lib:/home/centos/src/project_data/aws-fpga/shared/lib:/home/centos/src/project_data/aws-fpga/shared/lib:
RDI_JAVA_PLATFORM=
WINDOW=0
XDG_DATA_DIRS=/home/centos/.local/share/flatpak/exports/share:/var/lib/flatpak/exports/share:/usr/local/share:/usr/share
SSH_CONNECTION=128.62.19.123 10171 172.31.83.237 22
RDI_BINROOT=/opt/Xilinx/Vitis/2021.2/bin
VIVADO_TOOL_VER=2021.2
MODULESHOME=/usr/share/Modules
LESSOPEN=||/usr/bin/lesspipe.sh %s
RDI_PROG=/opt/Xilinx/Vitis/2021.2/bin/unwrapped/lnx64.o/v++
XDG_RUNTIME_DIR=/run/user/1000
XIL_NO_OVERRIDE=0
XIL_SUPPRESS_OVERRIDE_WARNINGS=1
XILINX_PLANAHEAD=/opt/Xilinx/Vitis/2021.2
AWS_FPGA_REPO_DIR=/home/centos/src/project_data/aws-fpga
HDIPRELDPATH=/opt/Xilinx/Vitis/2021.2/lib/lnx64.o/Default:/opt/Xilinx/Vitis/2021.2/lib/lnx64.o:/opt/xilinx/xrt/lib::/opt/Xilinx/Vitis/2021.2/bin/../lnx64/tools/dot/lib
RDI_INSTALLVER=2021.2
RDI_DATADIR=/opt/Xilinx/Vitis/2021.2/data
RDI_INSTALLROOT=/opt/Xilinx
BASH_FUNC_allow_non_root()=() {  [ ! -z ${AWS_FPGA_ALLOW_NON_ROOT} ]
}
BASH_FUNC_module()=() {  eval `/usr/bin/modulecmd bash $*`
}
BASH_FUNC_allow_others()=() {  [ ! -z ${AWS_FPGA_SDK_OTHERS} ]
}
_=/opt/Xilinx/Vitis/2021.2/bin/unwrapped/lnx64.o/v++
XILINX_CD_CONNECT_ID=41019
XILINX_CD_SESSION=972ec562-85ca-4a19-a6b7-5a1da2bd41c0
XILINX_RS_PORT=38583
XILINX_RS_SESSION=7658beb0-c859-4bea-b009-3336c4d8f2a5


V++ command line:
------------------------------------------
/opt/Xilinx/Vitis/2021.2/bin/unwrapped/lnx64.o/v++ -t hw_emu --platform /home/centos/src/project_data/aws-fpga/Vitis/aws_platform/xilinx_aws-vu9p-f1_shell-v04261818_201920_3/xilinx_aws-vu9p-f1_shell-v04261818_201920_3.xpfm --save-temps -g --temp_dir ./_x.hw_emu.xilinx_aws-vu9p-f1_shell-v04261818_201920_3 -c -k dot_prod -Isrc -o_x.hw_emu.xilinx_aws-vu9p-f1_shell-v04261818_201920_3/dot_prod.xo src/dot_prod.cpp 

FINAL PROGRAM OPTIONS
--compile
--debug
--include src
--input_files src/dot_prod.cpp
--kernel dot_prod
--optimize 0
--output _x.hw_emu.xilinx_aws-vu9p-f1_shell-v04261818_201920_3/dot_prod.xo
--platform /home/centos/src/project_data/aws-fpga/Vitis/aws_platform/xilinx_aws-vu9p-f1_shell-v04261818_201920_3/xilinx_aws-vu9p-f1_shell-v04261818_201920_3.xpfm
--report_level 0
--save-temps
--target hw_emu
--temp_dir ./_x.hw_emu.xilinx_aws-vu9p-f1_shell-v04261818_201920_3

PARSED COMMAND LINE OPTIONS
-t hw_emu 
--platform /home/centos/src/project_data/aws-fpga/Vitis/aws_platform/xilinx_aws-vu9p-f1_shell-v04261818_201920_3/xilinx_aws-vu9p-f1_shell-v04261818_201920_3.xpfm 
--save-temps 
-g 
--temp_dir ./_x.hw_emu.xilinx_aws-vu9p-f1_shell-v04261818_201920_3 
-c 
-k dot_prod 
-Isrc 
-o_x.hw_emu.xilinx_aws-vu9p-f1_shell-v04261818_201920_3/dot_prod.xo 
src/dot_prod.cpp 

EXPANDED PARAMETERS
From application of optMap.xml: 
 --vivado.prop "run.__KERNEL__.{STEPS.SYNTH_DESIGN.ARGS.MORE OPTIONS}={-directive sdx_optimization_effort_high}" --advanced.misc "report=type report_timing_summary name impl_report_timing_summary_route_design_summary steps {route_design} runs {impl_1} options {-max_paths 10}" --advanced.misc "report=type report_timing_summary name impl_report_timing_summary_post_route_phys_opt_design_summary steps {post_route_phys_opt_design} runs {impl_1} options {-max_paths 10}"


FINAL PLATFORM PATH
/home/centos/src/project_data/aws-fpga/Vitis/aws_platform/xilinx_aws-vu9p-f1_shell-v04261818_201920_3/xilinx_aws-vu9p-f1_shell-v04261818_201920_3.xpfm

==========================================
new:  steps log generated by v++ for new launch 
timestamp: 11 Oct 2024 17:28:41
------------------------------------------
step: performing high-level synthesis for kernel:dot_prod
timestamp: 11 Oct 2024 17:29:15
launch dir: /home/centos/src/project_data/aws-fpga/Vitis/examples/xilinx_2021.2/l2_part2_d1/_x.hw_emu.xilinx_aws-vu9p-f1_shell-v04261818_201920_3/dot_prod/dot_prod
cmd: vitis_hls -f /home/centos/src/project_data/aws-fpga/Vitis/examples/xilinx_2021.2/l2_part2_d1/_x.hw_emu.xilinx_aws-vu9p-f1_shell-v04261818_201920_3/dot_prod/dot_prod/dot_prod.tcl -messageDb vitis_hls.pb
V++ internal step status: success
------------------------------------------
V++ internal step: generating system estimate report file
timestamp: 11 Oct 2024 17:29:15
output: /home/centos/src/project_data/aws-fpga/Vitis/examples/xilinx_2021.2/l2_part2_d1/_x.hw_emu.xilinx_aws-vu9p-f1_shell-v04261818_201920_3/reports/dot_prod/system_estimate_dot_prod.xtxt
V++ internal step status: success
------------------------------------------
system estimate report task completed
timestamp: 11 Oct 2024 17:29:15
