# 
# Steps log generated by v++
# This log file contains a collection of steps that describe the kernel compilation flow
# Note: Some steps are tagged as internal, these steps are for debugging purposes and 
#       are not expected to be able to run independently.
# 

# The following environment variables are set when running v++
Environment variables :
------------------------------------------
_RDI_DONT_SET_XILINX_AS_PATH=True
XDG_SESSION_ID=1
HOSTNAME=ip-172-31-83-237.ec2.internal
XILINX_DSP=
SHELL=/bin/bash
TERM=xterm-256color
MAKEFLAGS=XCL_EMULATION_MODE=sw_emu PLATFORM=/home/centos/src/project_data/aws-fpga/Vitis/aws_platform/xilinx_aws-vu9p-f1_shell-v04261818_201920_3/xilinx_aws-vu9p-f1_shell-v04261818_201920_3.xpfm TARGET=sw_emu
HISTSIZE=1000
SSH_CLIENT=70.114.142.67 54166 22
MYVIVADO=
RDI_TPS_ROOT=/opt/Xilinx/Vivado/2021.2/tps/lnx64
HDK_SHELL_DIR=/home/centos/src/project_data/aws-fpga/hdk/common/shell_v04261818
HDI_PROCESSOR=x86_64
HDK_SHELL_DESIGN_DIR=/home/centos/src/project_data/aws-fpga/hdk/common/shell_v04261818/design
SYNTH_COMMON=/opt/Xilinx/Vitis/2021.2/scripts/rt/data
SSH_TTY=/dev/pts/0
LC_ALL=en_US.UTF-8
RDI_JAVA_VERSION=11.0.11_9
RT_TCL_PATH=/opt/Xilinx/Vitis/2021.2/scripts/rt/base_tcl/tcl
RDI_PREPEND_PATH=/opt/Xilinx/Vitis/2021.2/bin
RDI_OPT_EXT=.o
MAKEOVERRIDES=${-*-command-variables-*-}
USER=centos
LS_COLORS=rs=0:di=38;5;27:ln=38;5;51:mh=44;38;5;15:pi=40;38;5;11:so=38;5;13:do=38;5;5:bd=48;5;232;38;5;11:cd=48;5;232;38;5;3:or=48;5;232;38;5;9:mi=05;48;5;232;38;5;15:su=48;5;196;38;5;15:sg=48;5;11;38;5;16:ca=48;5;196;38;5;226:tw=48;5;10;38;5;16:ow=48;5;10;38;5;21:st=48;5;21;38;5;15:ex=38;5;34:*.tar=38;5;9:*.tgz=38;5;9:*.arc=38;5;9:*.arj=38;5;9:*.taz=38;5;9:*.lha=38;5;9:*.lz4=38;5;9:*.lzh=38;5;9:*.lzma=38;5;9:*.tlz=38;5;9:*.txz=38;5;9:*.tzo=38;5;9:*.t7z=38;5;9:*.zip=38;5;9:*.z=38;5;9:*.Z=38;5;9:*.dz=38;5;9:*.gz=38;5;9:*.lrz=38;5;9:*.lz=38;5;9:*.lzo=38;5;9:*.xz=38;5;9:*.bz2=38;5;9:*.bz=38;5;9:*.tbz=38;5;9:*.tbz2=38;5;9:*.tz=38;5;9:*.deb=38;5;9:*.rpm=38;5;9:*.jar=38;5;9:*.war=38;5;9:*.ear=38;5;9:*.sar=38;5;9:*.rar=38;5;9:*.alz=38;5;9:*.ace=38;5;9:*.zoo=38;5;9:*.cpio=38;5;9:*.7z=38;5;9:*.rz=38;5;9:*.cab=38;5;9:*.jpg=38;5;13:*.jpeg=38;5;13:*.gif=38;5;13:*.bmp=38;5;13:*.pbm=38;5;13:*.pgm=38;5;13:*.ppm=38;5;13:*.tga=38;5;13:*.xbm=38;5;13:*.xpm=38;5;13:*.tif=38;5;13:*.tiff=38;5;13:*.png=38;5;13:*.svg=38;5;13:*.svgz=38;5;13:*.mng=38;5;13:*.pcx=38;5;13:*.mov=38;5;13:*.mpg=38;5;13:*.mpeg=38;5;13:*.m2v=38;5;13:*.mkv=38;5;13:*.webm=38;5;13:*.ogm=38;5;13:*.mp4=38;5;13:*.m4v=38;5;13:*.mp4v=38;5;13:*.vob=38;5;13:*.qt=38;5;13:*.nuv=38;5;13:*.wmv=38;5;13:*.asf=38;5;13:*.rm=38;5;13:*.rmvb=38;5;13:*.flc=38;5;13:*.avi=38;5;13:*.fli=38;5;13:*.flv=38;5;13:*.gl=38;5;13:*.dl=38;5;13:*.xcf=38;5;13:*.xwd=38;5;13:*.yuv=38;5;13:*.cgm=38;5;13:*.emf=38;5;13:*.axv=38;5;13:*.anx=38;5;13:*.ogv=38;5;13:*.ogx=38;5;13:*.aac=38;5;45:*.au=38;5;45:*.flac=38;5;45:*.mid=38;5;45:*.midi=38;5;45:*.mka=38;5;45:*.mp3=38;5;45:*.mpc=38;5;45:*.ogg=38;5;45:*.ra=38;5;45:*.wav=38;5;45:*.axa=38;5;45:*.oga=38;5;45:*.spx=38;5;45:*.xspf=38;5;45:
LD_LIBRARY_PATH=/opt/Xilinx/Vitis/2021.2/lib/lnx64.o/Default:/opt/Xilinx/Vitis/2021.2/lib/lnx64.o:/opt/Xilinx/Vitis/2021.2/tps/lnx64/jre11.0.11_9/lib/:/opt/Xilinx/Vitis/2021.2/tps/lnx64/jre11.0.11_9/lib//server:/opt/Xilinx/Vitis/2021.2/lib/lnx64.o/Default:/opt/Xilinx/Vitis/2021.2/lib/lnx64.o:/opt/xilinx/xrt/lib::/opt/Xilinx/Vitis/2021.2/bin/../lnx64/tools/dot/lib
XCL_EMULATION_MODE=sw_emu
XILINX_ENABLE_AWS_WHITELIST=095707098027
RDI_PATCHROOT=
TCL_LIBRARY=/opt/Xilinx/Vitis/2021.2/tps/tcl/tcl8.5
RDI_PLATFORM=lnx64
AWS_PLATFORM=/home/centos/src/project_data/aws-fpga/Vitis/aws_platform/xilinx_aws-vu9p-f1_shell-v04261818_201920_3/xilinx_aws-vu9p-f1_shell-v04261818_201920_3.xpfm
MAKELEVEL=1
RDI_BUILD=yes
MFLAGS=
RT_LIBPATH=/opt/Xilinx/Vitis/2021.2/scripts/rt/data
RDI_LIBDIR=/opt/Xilinx/Vitis/2021.2/lib/lnx64.o/Default:/opt/Xilinx/Vitis/2021.2/lib/lnx64.o
RELEASE_VER=2021.2
PATH=/opt/Xilinx/Vivado/2021.2/tps/lnx64/binutils-2.26/bin:/opt/Xilinx/Vitis/2021.2/bin/../gnu/aarch64/lin/aarch64-linux/bin:/opt/Xilinx/Vitis/2021.2/bin/../gnu/ppc64le/4.9.3/lnx64/bin:/opt/Xilinx/Vitis/2021.2/bin/../gnu/aarch32/lin/gcc-arm-linux-gnueabi/bin:/opt/Xilinx/Vivado/2021.2/tps/lnx64/gcc-6.2.0/bin:/opt/Xilinx/Vivado/2021.2/gnu/microblaze/lin/bin:/opt/Xilinx/Vitis/2021.2/bin:/opt/Xilinx/Vitis/2021.2/tps/lnx64/jre11.0.11_9/bin:/opt/Xilinx/Vivado/2021.2/bin:/home/centos/src/project_data/aws-fpga/shared/bin/scripts:/opt/Xilinx/Vitis_HLS/2021.2/bin:/usr/local/bin:/usr/bin:/usr/local/sbin:/usr/sbin:/srv/git/centos-git-common:/home/centos/.local/bin:/home/centos/bin:/opt/xilinx/xrt/bin
MAIL=/var/spool/mail/centos
XILINX_VITIS=/opt/Xilinx/Vitis/2021.2
HDK_DIR=/home/centos/src/project_data/aws-fpga/hdk
SDK_DIR=/home/centos/src/project_data/aws-fpga/sdk
PWD=/home/centos/src/project_data/aws-fpga/Vitis/examples/xilinx_2021.2/l2_part2_d1
XILINX_XRT=/opt/xilinx/xrt
XIL_CHECK_TCL_DEBUG=False
_LMFILES_=/usr/share/Modules/modulefiles/vitis
SDACCEL_DIR=/home/centos/src/project_data/aws-fpga/SDAccel
XILINX_VIVADO_HLS=/opt/Xilinx/Vivado/2021.2
LANG=en_US.UTF-8
MODULEPATH=/usr/share/Modules/modulefiles:/etc/modulefiles
HDK_COMMON_DIR=/home/centos/src/project_data/aws-fpga/hdk/common
HDI_APPROOT=/opt/Xilinx/Vitis/2021.2
AWS_PLATFORM_201920_3=/home/centos/src/project_data/aws-fpga/Vitis/aws_platform/xilinx_aws-vu9p-f1_shell-v04261818_201920_3/xilinx_aws-vu9p-f1_shell-v04261818_201920_3.xpfm
LOADEDMODULES=vitis
XILINX_HLS=/opt/Xilinx/Vitis_HLS/2021.2
VITIS_DIR=/home/centos/src/project_data/aws-fpga/Vitis
PLATFORM=/home/centos/src/project_data/aws-fpga/Vitis/aws_platform/xilinx_aws-vu9p-f1_shell-v04261818_201920_3/xilinx_aws-vu9p-f1_shell-v04261818_201920_3.xpfm
XILINX_VIVADO=/opt/Xilinx/Vivado/2021.2
XILINX_SDK=/opt/Xilinx/Vitis/2021.2
HISTCONTROL=ignoredups
SSH_ASKPASS=/usr/libexec/openssh/gnome-ssh-askpass
ISL_IOSTREAMS_RSA=/opt/Xilinx/Vitis/2021.2/tps/isl
HOME=/home/centos
SHLVL=3
RDI_BASEROOT=/opt/Xilinx/Vitis
LANGUAGE=en_US:en
RDI_APPROOT=/opt/Xilinx/Vitis/2021.2
TARGET=sw_emu
LOGNAME=centos
PYTHONPATH=/home/centos/src/project_data/aws-fpga/shared/lib:/home/centos/src/project_data/aws-fpga/shared/lib:
RDI_JAVA_PLATFORM=
XDG_DATA_DIRS=/home/centos/.local/share/flatpak/exports/share:/var/lib/flatpak/exports/share:/usr/local/share:/usr/share
SSH_CONNECTION=70.114.142.67 54166 172.31.83.237 22
RDI_BINROOT=/opt/Xilinx/Vitis/2021.2/bin
VIVADO_TOOL_VER=2021.2
MODULESHOME=/usr/share/Modules
LESSOPEN=||/usr/bin/lesspipe.sh %s
RDI_PROG=/opt/Xilinx/Vitis/2021.2/bin/unwrapped/lnx64.o/v++
XDG_RUNTIME_DIR=/run/user/1000
XIL_NO_OVERRIDE=0
XIL_SUPPRESS_OVERRIDE_WARNINGS=1
XILINX_PLANAHEAD=/opt/Xilinx/Vitis/2021.2
AWS_FPGA_REPO_DIR=/home/centos/src/project_data/aws-fpga
HDIPRELDPATH=/opt/Xilinx/Vitis/2021.2/lib/lnx64.o/Default:/opt/Xilinx/Vitis/2021.2/lib/lnx64.o:/opt/xilinx/xrt/lib::/opt/Xilinx/Vitis/2021.2/bin/../lnx64/tools/dot/lib
RDI_INSTALLVER=2021.2
RDI_DATADIR=/opt/Xilinx/Vitis/2021.2/data
RDI_INSTALLROOT=/opt/Xilinx
BASH_FUNC_allow_non_root()=() {  [ ! -z ${AWS_FPGA_ALLOW_NON_ROOT} ]
}
BASH_FUNC_module()=() {  eval `/usr/bin/modulecmd bash $*`
}
BASH_FUNC_allow_others()=() {  [ ! -z ${AWS_FPGA_SDK_OTHERS} ]
}
_=/opt/Xilinx/Vitis/2021.2/bin/unwrapped/lnx64.o/v++
XILINX_CD_CONNECT_ID=39752
XILINX_CD_SESSION=b9ec3f90-00e8-4768-97fa-e3d6e5edd223
XILINX_RS_PORT=44934
XILINX_RS_SESSION=ae186106-e9f1-4a78-a7fb-af3a9f80291d


V++ command line:
------------------------------------------
/opt/Xilinx/Vitis/2021.2/bin/unwrapped/lnx64.o/v++ -t sw_emu --platform /home/centos/src/project_data/aws-fpga/Vitis/aws_platform/xilinx_aws-vu9p-f1_shell-v04261818_201920_3/xilinx_aws-vu9p-f1_shell-v04261818_201920_3.xpfm --save-temps -g --temp_dir ./build_dir.sw_emu.xilinx_aws-vu9p-f1_shell-v04261818_201920_3 -l -obuild_dir.sw_emu.xilinx_aws-vu9p-f1_shell-v04261818_201920_3/dot_prod_app.xclbin _x.sw_emu.xilinx_aws-vu9p-f1_shell-v04261818_201920_3/dot_prod.xo 

FINAL PROGRAM OPTIONS
--debug
--input_files _x.sw_emu.xilinx_aws-vu9p-f1_shell-v04261818_201920_3/dot_prod.xo
--link
--optimize 0
--output build_dir.sw_emu.xilinx_aws-vu9p-f1_shell-v04261818_201920_3/dot_prod_app.xclbin
--platform /home/centos/src/project_data/aws-fpga/Vitis/aws_platform/xilinx_aws-vu9p-f1_shell-v04261818_201920_3/xilinx_aws-vu9p-f1_shell-v04261818_201920_3.xpfm
--report_level 0
--save-temps
--target sw_emu
--temp_dir ./build_dir.sw_emu.xilinx_aws-vu9p-f1_shell-v04261818_201920_3

PARSED COMMAND LINE OPTIONS
-t sw_emu 
--platform /home/centos/src/project_data/aws-fpga/Vitis/aws_platform/xilinx_aws-vu9p-f1_shell-v04261818_201920_3/xilinx_aws-vu9p-f1_shell-v04261818_201920_3.xpfm 
--save-temps 
-g 
--temp_dir ./build_dir.sw_emu.xilinx_aws-vu9p-f1_shell-v04261818_201920_3 
-l 
-obuild_dir.sw_emu.xilinx_aws-vu9p-f1_shell-v04261818_201920_3/dot_prod_app.xclbin 
_x.sw_emu.xilinx_aws-vu9p-f1_shell-v04261818_201920_3/dot_prod.xo 

EXPANDED PARAMETERS
From application of optMap.xml: 
 --vivado.prop "run.__KERNEL__.{STEPS.SYNTH_DESIGN.ARGS.MORE OPTIONS}={-directive sdx_optimization_effort_high}" --advanced.misc "report=type report_timing_summary name impl_report_timing_summary_route_design_summary steps {route_design} runs {impl_1} options {-max_paths 10}" --advanced.misc "report=type report_timing_summary name impl_report_timing_summary_post_route_phys_opt_design_summary steps {post_route_phys_opt_design} runs {impl_1} options {-max_paths 10}"

HARDWARE PLATFORM PARAMETERS
--xp param:compiler.lockFlowCritSlackThreshold=0 --xp vivado_param:hd.routingContainmentAreaExpansion=true --xp vivado_param:hd.supportClockNetCrossDiffReconfigurablePartitions=1 --xp vivado_param:bitstream.enablePR=4123 --xp vivado_param:physynth.ultraRAMOptOutput=false --xp vivado_prop:run.__KERNEL__.{STEPS.SYNTH_DESIGN.ARGS.MAX_URAM_CASCADE_HEIGHT}={1} --xp vivado_param:synth.elaboration.rodinMoreOptions={rt::set_parameter disableOregPackingUram true} 

FINAL PLATFORM PATH
/home/centos/src/project_data/aws-fpga/Vitis/aws_platform/xilinx_aws-vu9p-f1_shell-v04261818_201920_3/xilinx_aws-vu9p-f1_shell-v04261818_201920_3.xpfm

==========================================
new:  steps log generated by v++ for new launch 
timestamp: 11 Oct 2024 07:23:11
------------------------------------------
V++ internal step: generating xclbin xml file
timestamp: 11 Oct 2024 07:23:11
output: /home/centos/src/project_data/aws-fpga/Vitis/examples/xilinx_2021.2/l2_part2_d1/build_dir.sw_emu.xilinx_aws-vu9p-f1_shell-v04261818_201920_3/link/int/dot_prod_app.xml
------------------------------------------
V++ internal step: running regiongen
timestamp: 11 Oct 2024 07:23:11
launch dir: /home/centos/src/project_data/aws-fpga/Vitis/examples/xilinx_2021.2/l2_part2_d1/build_dir.sw_emu.xilinx_aws-vu9p-f1_shell-v04261818_201920_3/link/int
cmd: /opt/Xilinx/Vitis/2021.2/bin/../runtime/bin/regiongen_new -v -m /home/centos/src/project_data/aws-fpga/Vitis/examples/xilinx_2021.2/l2_part2_d1/build_dir.sw_emu.xilinx_aws-vu9p-f1_shell-v04261818_201920_3/link/int/dot_prod_app.xml -t alg -o xcl_top
V++ internal step status: success
------------------------------------------
V++ internal step: running gcc to generate obj files for kernel source
timestamp: 11 Oct 2024 07:23:13
launch dir: /home/centos/src/project_data/aws-fpga/Vitis/examples/xilinx_2021.2/l2_part2_d1/build_dir.sw_emu.xilinx_aws-vu9p-f1_shell-v04261818_201920_3/link/int/dot_prod
cmd: /opt/Xilinx/Vivado/2021.2/tps/lnx64/gcc-6.2.0/bin/gcc -I . -I /opt/Xilinx/Vitis_HLS/2021.2/bin/../include -I /opt/Xilinx/Vitis_HLS/2021.2/bin/../lnx64/tools/auto_cc/include -I /opt/Xilinx/Vitis_HLS/2021.2/bin/../common/technology/autopilot/opencl -I /opt/Xilinx/Vitis/2021.2/bin/../common/technology/autopilot/opencl -I /opt/Xilinx/Vitis/2021.2/bin/../data/emulation/include -std=c++14 -g -I /home/centos/src/project_data/aws-fpga/Vitis/examples/xilinx_2021.2/l2_part2_d1/src -g -fPIC -g -c -DHLS_STREAM_THREAD_SAFE -MD -MT obj/dot_prod.o -MP -MF obj/dot_prod.Cd /home/centos/src/project_data/aws-fpga/Vitis/examples/xilinx_2021.2/l2_part2_d1/build_dir.sw_emu.xilinx_aws-vu9p-f1_shell-v04261818_201920_3/link/int/xo/dot_prod/dot_prod/cpu_sources/dot_prod.cpp -o obj/dot_prod.o
V++ internal step status: success
------------------------------------------
V++ internal step: running ar to generate .csim_cu.a
timestamp: 11 Oct 2024 07:23:13
launch dir: /home/centos/src/project_data/aws-fpga/Vitis/examples/xilinx_2021.2/l2_part2_d1/build_dir.sw_emu.xilinx_aws-vu9p-f1_shell-v04261818_201920_3/link/int/dot_prod
cmd: /opt/Xilinx/Vivado/2021.2/tps/lnx64/binutils-2.26/bin/ar -cr /home/centos/src/project_data/aws-fpga/Vitis/examples/xilinx_2021.2/l2_part2_d1/build_dir.sw_emu.xilinx_aws-vu9p-f1_shell-v04261818_201920_3/link/int/dot_prod/dot_prod.csim_cu.a /home/centos/src/project_data/aws-fpga/Vitis/examples/xilinx_2021.2/l2_part2_d1/build_dir.sw_emu.xilinx_aws-vu9p-f1_shell-v04261818_201920_3/link/int/dot_prod/obj/dot_prod.o
V++ internal step status: success
------------------------------------------
V++ internal step: compiling xcl_top.cpp to obj/xcl_top.o
timestamp: 11 Oct 2024 07:23:13
launch dir: /home/centos/src/project_data/aws-fpga/Vitis/examples/xilinx_2021.2/l2_part2_d1/build_dir.sw_emu.xilinx_aws-vu9p-f1_shell-v04261818_201920_3/link/int
cmd: /opt/Xilinx/Vivado/2021.2/tps/lnx64/gcc-6.2.0/bin/g++ -I . -I /opt/Xilinx/Vitis_HLS/2021.2/bin/../include -I /opt/Xilinx/Vitis_HLS/2021.2/bin/../common/technology/autopilot/opencl -I /opt/Xilinx/Vitis/2021.2/bin/../common/technology/autopilot/opencl -I /opt/Xilinx/Vitis/2021.2/bin/../data/emulation/include -I /opt/Xilinx/Vitis_HLS/2021.2/bin/../lnx64/tools/auto_cc/include -fPIC -g -DHLS_STREAM_THREAD_SAFE -std=c++14 -fpermissive -c -MD -MT obj/xcl_top.o -MP -MF obj/xcl_top.CXXd xcl_top.cpp -o obj/xcl_top.o
V++ internal step status: success
------------------------------------------
V++ internal step: running g++ to generate .so
timestamp: 11 Oct 2024 07:23:15
launch dir: /home/centos/src/project_data/aws-fpga/Vitis/examples/xilinx_2021.2/l2_part2_d1/build_dir.sw_emu.xilinx_aws-vu9p-f1_shell-v04261818_201920_3/link/int
cmd: /opt/Xilinx/Vivado/2021.2/tps/lnx64/gcc-6.2.0/bin/g++ -fPIC -DHLS_STREAM_THREAD_SAFE -std=c++14 -Wall -shared -Wl,--whole-archive,-soname,dot_prod_app.so -o dot_prod_app.so dot_prod/dot_prod.csim_cu.a obj/xcl_top.o -Wl,--no-whole-archive -Wl,--as-needed -L /opt/Xilinx/Vitis_HLS/2021.2/bin/../lib/lnx64.o -lhlsmathsim -L /opt/Xilinx/Vitis_HLS/2021.2/bin/../lnx64/tools/fpo_v7_0 -lgmp -lmpfr -lIp_floating_point_v7_0_bitacc_cmodel -Wl,-rpath,/opt/Xilinx/Vitis_HLS/2021.2/bin/../lnx64/tools/fpo_v7_0 -L /opt/Xilinx/Vitis_HLS/2021.2/bin/../lnx64/tools/fft_v9_1 -lIp_xfft_v9_1_bitacc_cmodel -L /opt/Xilinx/Vitis_HLS/2021.2/bin/../lnx64/tools/fir_v7_0 -lgmp -lIp_fir_compiler_v7_2_bitacc_cmodel -L /opt/Xilinx/Vitis_HLS/2021.2/bin/../lnx64/lib/csim -lhlsmc++-GCC46 -L /opt/Xilinx/Vivado/2021.2/tps/lnx64/gcc-6.2.0/bin/../lib/gcc/x86_64-pc-linux-gnu/6.2.0/ -lgcov
V++ internal step status: success
------------------------------------------
V++ internal step: running xclbinutil to generate xclbin
timestamp: 11 Oct 2024 07:23:15
launch dir: /home/centos/src/project_data/aws-fpga/Vitis/examples/xilinx_2021.2/l2_part2_d1/build_dir.sw_emu.xilinx_aws-vu9p-f1_shell-v04261818_201920_3/link/int
cmd: /opt/Xilinx/Vitis/2021.2/bin/xclbinutil --add-section BITSTREAM:RAW:/home/centos/src/project_data/aws-fpga/Vitis/examples/xilinx_2021.2/l2_part2_d1/build_dir.sw_emu.xilinx_aws-vu9p-f1_shell-v04261818_201920_3/link/int/dot_prod_app.so --force --target sw_emu --add-section :JSON:/home/centos/src/project_data/aws-fpga/Vitis/examples/xilinx_2021.2/l2_part2_d1/build_dir.sw_emu.xilinx_aws-vu9p-f1_shell-v04261818_201920_3/link/int/dot_prod_app.rtd --append-section :JSON:/home/centos/src/project_data/aws-fpga/Vitis/examples/xilinx_2021.2/l2_part2_d1/build_dir.sw_emu.xilinx_aws-vu9p-f1_shell-v04261818_201920_3/link/int/appendSection.rtd --add-section CLOCK_FREQ_TOPOLOGY:JSON:/home/centos/src/project_data/aws-fpga/Vitis/examples/xilinx_2021.2/l2_part2_d1/build_dir.sw_emu.xilinx_aws-vu9p-f1_shell-v04261818_201920_3/link/int/dot_prod_app_xml.rtd --add-section BUILD_METADATA:JSON:/home/centos/src/project_data/aws-fpga/Vitis/examples/xilinx_2021.2/l2_part2_d1/build_dir.sw_emu.xilinx_aws-vu9p-f1_shell-v04261818_201920_3/link/int/dot_prod_app_build.rtd --add-section EMBEDDED_METADATA:RAW:/home/centos/src/project_data/aws-fpga/Vitis/examples/xilinx_2021.2/l2_part2_d1/build_dir.sw_emu.xilinx_aws-vu9p-f1_shell-v04261818_201920_3/link/int/dot_prod_app.xml --add-section DEBUG_DATA:RAW:/dev/null --output /home/centos/src/project_data/aws-fpga/Vitis/examples/xilinx_2021.2/l2_part2_d1/build_dir.sw_emu.xilinx_aws-vu9p-f1_shell-v04261818_201920_3/dot_prod_app.xclbin
V++ internal step status: success
------------------------------------------
V++ internal step: running xclbinutil to generate xclbin info
timestamp: 11 Oct 2024 07:23:16
launch dir: /home/centos/src/project_data/aws-fpga/Vitis/examples/xilinx_2021.2/l2_part2_d1/build_dir.sw_emu.xilinx_aws-vu9p-f1_shell-v04261818_201920_3/link/int
cmd: /opt/Xilinx/Vitis/2021.2/bin/xclbinutil --quiet --info --input /home/centos/src/project_data/aws-fpga/Vitis/examples/xilinx_2021.2/l2_part2_d1/build_dir.sw_emu.xilinx_aws-vu9p-f1_shell-v04261818_201920_3/dot_prod_app.xclbin
V++ internal step status: success
------------------------------------------
sw emulation completed
timestamp: 11 Oct 2024 07:23:16
------------------------------------------
V++ internal step: generating system estimate report file
timestamp: 11 Oct 2024 07:23:16
output: /home/centos/src/project_data/aws-fpga/Vitis/examples/xilinx_2021.2/l2_part2_d1/build_dir.sw_emu.xilinx_aws-vu9p-f1_shell-v04261818_201920_3/reports/link/system_estimate_dot_prod_app.xtxt
V++ internal step status: success
------------------------------------------
system estimate report task completed
timestamp: 11 Oct 2024 07:23:16
