INFO: [v++ 60-1306] Additional information associated with this v++ compile can be found at:
	Reports: /home/centos/src/project_data/aws-fpga/Vitis/examples/xilinx_2021.2/l2_part2_d1/_x.hw_emu.xilinx_aws-vu9p-f1_shell-v04261818_201920_3/reports/dot_prod
	Log files: /home/centos/src/project_data/aws-fpga/Vitis/examples/xilinx_2021.2/l2_part2_d1/_x.hw_emu.xilinx_aws-vu9p-f1_shell-v04261818_201920_3/logs/dot_prod
INFO: [v++ 60-1548] Creating build summary session with primary output /home/centos/src/project_data/aws-fpga/Vitis/examples/xilinx_2021.2/l2_part2_d1/_x.hw_emu.xilinx_aws-vu9p-f1_shell-v04261818_201920_3/dot_prod.xo.compile_summary, at Fri Oct 11 17:28:35 2024
INFO: [v++ 60-1316] Initiating connection to rulecheck server, at Fri Oct 11 17:28:35 2024
INFO: [v++ 60-1315] Creating rulecheck session with output '/home/centos/src/project_data/aws-fpga/Vitis/examples/xilinx_2021.2/l2_part2_d1/_x.hw_emu.xilinx_aws-vu9p-f1_shell-v04261818_201920_3/reports/dot_prod/v++_compile_dot_prod_guidance.html', at Fri Oct 11 17:28:37 2024
INFO: [v++ 60-895]   Target platform: /home/centos/src/project_data/aws-fpga/Vitis/aws_platform/xilinx_aws-vu9p-f1_shell-v04261818_201920_3/xilinx_aws-vu9p-f1_shell-v04261818_201920_3.xpfm
INFO: [v++ 60-1578]   This platform contains Xilinx Shell Archive '/home/centos/src/project_data/aws-fpga/Vitis/aws_platform/xilinx_aws-vu9p-f1_shell-v04261818_201920_3/hw/xilinx_aws-vu9p-f1_shell-v04261818_201920_3.xsa'
INFO: [v++ 74-78] Compiler Version string: 2021.2
INFO: [v++ 60-1302] Platform 'xilinx_aws-vu9p-f1_shell-v04261818_201920_3.xpfm' has been explicitly enabled for this release with an extended warranty.
INFO: [v++ 60-585] Compiling for hardware emulation target
INFO: [v++ 60-423]   Target device: xilinx_aws-vu9p-f1_shell-v04261818_201920_3
INFO: [v++ 60-242] Creating kernel: 'dot_prod'

===>The following messages were generated while  performing high-level synthesis for kernel: dot_prod Log file: /home/centos/src/project_data/aws-fpga/Vitis/examples/xilinx_2021.2/l2_part2_d1/_x.hw_emu.xilinx_aws-vu9p-f1_shell-v04261818_201920_3/dot_prod/dot_prod/vitis_hls.log :
INFO: [v++ 204-61] Pipelining loop 'load'.
INFO: [v++ 200-1470] Pipelining result : Target II = NA, Final II = 1, Depth = 2, loop 'load'
INFO: [v++ 204-61] Pipelining loop 'compute'.
INFO: [v++ 200-1470] Pipelining result : Target II = NA, Final II = 1, Depth = 5, loop 'compute'
INFO: [v++ 200-790] **** Loop Constraint Status: All loop constraints were satisfied.
INFO: [v++ 200-789] **** Estimated Fmax: 342.47 MHz
INFO: [v++ 60-594] Finished kernel compilation
INFO: [v++ 60-244] Generating system estimate report...
INFO: [v++ 60-1092] Generated system estimate report: /home/centos/src/project_data/aws-fpga/Vitis/examples/xilinx_2021.2/l2_part2_d1/_x.hw_emu.xilinx_aws-vu9p-f1_shell-v04261818_201920_3/reports/dot_prod/system_estimate_dot_prod.xtxt
INFO: [v++ 60-586] Created _x.hw_emu.xilinx_aws-vu9p-f1_shell-v04261818_201920_3/dot_prod.xo
INFO: [v++ 60-2343] Use the vitis_analyzer tool to visualize and navigate the relevant reports. Run the following command. 
    vitis_analyzer /home/centos/src/project_data/aws-fpga/Vitis/examples/xilinx_2021.2/l2_part2_d1/_x.hw_emu.xilinx_aws-vu9p-f1_shell-v04261818_201920_3/dot_prod.xo.compile_summary 
INFO: [v++ 60-791] Total elapsed time: 0h 0m 51s
INFO: [v++ 60-1653] Closing dispatch client.
