Fri Oct 11 17:28:24 2024: Running xcd server. This server was built by gradle.
Fri Oct 11 17:28:24 2024: Server was asked to start on port: '41019'
Fri Oct 11 17:28:24 2024: Server is using token UUID: '64b08279-c139-4fa1-804a-8cf2e57835b1'
Fri Oct 11 17:28:24 2024: SESSION_MGR: creating session with session uuid: '6d04a3e9-ade5-4ab9-8d63-1f78fcd2ec76' and name 'default'
Fri Oct 11 17:28:24 2024: Attempting to start server on port '41019'
Fri Oct 11 17:28:24 2024: XCD main fifo: created main fifo '/tmp/xcdmain64b08279-c139-4fa1-804a-8cf2e57835b1', fd read = 13
Fri Oct 11 17:28:24 2024: Running Dispatch Server
Fri Oct 11 17:28:24 2024: Version 2.2.0
Fri Oct 11 17:28:33 2024: Dispatch Server: Accepted socket connection from client
Fri Oct 11 17:28:33 2024: Starting Socket connection
Fri Oct 11 17:28:33 2024: EXCHANGE_TOKEN received, server token: 64b08279-c139-4fa1-804a-8cf2e57835b1, passed token: 64b08279-c139-4fa1-804a-8cf2e57835b1
Fri Oct 11 17:28:35 2024: DISPATCH_HANDLER: Adding handler from function makeHandler in library libxv_system_diagram
Fri Oct 11 17:28:35 2024: SESSION_MGR: creating session with session uuid: '972ec562-85ca-4a19-a6b7-5a1da2bd41c0' and name 'v++_compile_dot_prod'
Fri Oct 11 17:28:35 2024: KERNEL_SVC: creating session with uuid: '972ec562-85ca-4a19-a6b7-5a1da2bd41c0' and name 'v++_compile_dot_prod'
Fri Oct 11 17:28:35 2024: GUIDANCE_SMGR: creating guidance session with uuid: '972ec562-85ca-4a19-a6b7-5a1da2bd41c0' and name 'v++_compile_dot_prod'
Fri Oct 11 17:28:35 2024: SYSTEM_DIAGRAM: creating session with uuid: '972ec562-85ca-4a19-a6b7-5a1da2bd41c0' and name 'v++_compile_dot_prod'
Fri Oct 11 17:29:15 2024: SESSION_MGR: closing session for UUID '972ec562-85ca-4a19-a6b7-5a1da2bd41c0' with name 'v++_compile_dot_prod'
Fri Oct 11 17:29:15 2024: KERNEL_SVC: closing session for UUID '972ec562-85ca-4a19-a6b7-5a1da2bd41c0' with name 'v++_compile_dot_prod'
Fri Oct 11 17:29:15 2024: GUIDANCE_SMGR: closing session for UUID '972ec562-85ca-4a19-a6b7-5a1da2bd41c0' with name 'v++_compile_dot_prod'
Fri Oct 11 17:29:15 2024: SYSTEM_DIAGRAM: closing session for UUID '972ec562-85ca-4a19-a6b7-5a1da2bd41c0' with name 'v++_compile_dot_prod'
Fri Oct 11 17:29:19 2024: Running xcd server. This server was built by gradle.
Fri Oct 11 17:29:19 2024: Server was asked to start on port: '32918'
Fri Oct 11 17:29:19 2024: Server is using token UUID: 'dd1b2555-d854-4c0b-a612-7fc48a3923f9'
Fri Oct 11 17:29:19 2024: SESSION_MGR: creating session with session uuid: '6d04a3e9-ade5-4ab9-8d63-1f78fcd2ec76' and name 'default'
Fri Oct 11 17:29:19 2024: Attempting to start server on port '32918'
Fri Oct 11 17:29:19 2024: XCD main fifo: created main fifo '/tmp/xcdmaindd1b2555-d854-4c0b-a612-7fc48a3923f9', fd read = 13
Fri Oct 11 17:29:19 2024: Running Dispatch Server
Fri Oct 11 17:29:19 2024: Version 2.2.0
Fri Oct 11 17:29:28 2024: Dispatch Server: Accepted socket connection from client
Fri Oct 11 17:29:28 2024: Starting Socket connection
Fri Oct 11 17:29:28 2024: EXCHANGE_TOKEN received, server token: dd1b2555-d854-4c0b-a612-7fc48a3923f9, passed token: dd1b2555-d854-4c0b-a612-7fc48a3923f9
Fri Oct 11 17:29:30 2024: DISPATCH_HANDLER: Adding handler from function makeHandler in library libxv_system_diagram
Fri Oct 11 17:29:30 2024: SESSION_MGR: creating session with session uuid: 'b8662f11-9153-4eae-8e3a-cdf3f2fa4919' and name 'v++_link_dot_prod_app'
Fri Oct 11 17:29:30 2024: KERNEL_SVC: creating session with uuid: 'b8662f11-9153-4eae-8e3a-cdf3f2fa4919' and name 'v++_link_dot_prod_app'
Fri Oct 11 17:29:30 2024: GUIDANCE_SMGR: creating guidance session with uuid: 'b8662f11-9153-4eae-8e3a-cdf3f2fa4919' and name 'v++_link_dot_prod_app'
Fri Oct 11 17:29:30 2024: SYSTEM_DIAGRAM: creating session with uuid: 'b8662f11-9153-4eae-8e3a-cdf3f2fa4919' and name 'v++_link_dot_prod_app'
Fri Oct 11 17:30:03 2024: Dispatch Server: Accepted socket connection from client
Fri Oct 11 17:30:03 2024: Starting Socket connection
Fri Oct 11 17:30:23 2024: Dispatch Server: Accepted socket connection from client
Fri Oct 11 17:30:23 2024: Starting Socket connection
Fri Oct 11 17:36:20 2024: SESSION_MGR: closing session for UUID 'b8662f11-9153-4eae-8e3a-cdf3f2fa4919' with name 'v++_link_dot_prod_app'
Fri Oct 11 17:36:20 2024: KERNEL_SVC: closing session for UUID 'b8662f11-9153-4eae-8e3a-cdf3f2fa4919' with name 'v++_link_dot_prod_app'
Fri Oct 11 17:36:20 2024: GUIDANCE_SMGR: closing session for UUID 'b8662f11-9153-4eae-8e3a-cdf3f2fa4919' with name 'v++_link_dot_prod_app'
Fri Oct 11 17:36:20 2024: SYSTEM_DIAGRAM: closing session for UUID 'b8662f11-9153-4eae-8e3a-cdf3f2fa4919' with name 'v++_link_dot_prod_app'
